#
# There is insufficient memory for the Java Runtime Environment to continue.
# Native memory allocation (mmap) failed to map 127926272 bytes for G1 virtual space
# Possible reasons:
#   The system is out of physical RAM or swap space
#   The process is running with CompressedOops enabled, and the Java Heap may be blocking the growth of the native heap
# Possible solutions:
#   Reduce memory load on the system
#   Increase physical memory or swap space
#   Check if swap backing store is full
#   Decrease Java heap size (-Xmx/-Xms)
#   Decrease number of Java threads
#   Decrease Java thread stack sizes (-Xss)
#   Set larger code cache with -XX:ReservedCodeCacheSize=
#   JVM is running with Unscaled Compressed Oops mode in which the Java heap is
#     placed in the first 4GB address space. The Java Heap base address is the
#     maximum limit for the native heap growth. Please use -XX:HeapBaseMinAddress
#     to set the Java Heap base and to place the Java Heap above 4GB virtual address.
# This output file may be truncated or incomplete.
#
#  Out of Memory Error (os_windows.cpp:3829), pid=15936, tid=6424
#
# JRE version:  (17.0.8+7) (build )
# Java VM: OpenJDK 64-Bit Server VM (17.0.8+7-b1000.8, mixed mode, sharing, tiered, compressed oops, compressed class ptrs, g1 gc, windows-amd64)
# No core dump will be written. Minidumps are not enabled by default on client versions of Windows
#

---------------  S U M M A R Y ------------

Command Line: git4idea.http.GitAskPassApp Username for 'https://github.com': 

Host: Intel(R) Core(TM) i5-7200U CPU @ 2.50GHz, 4 cores, 7G,  Windows 10 , 64 bit Build 18362 (10.0.18362.329)
Time: Thu Sep 21 14:16:48 2023 FLE Daylight Time elapsed time: 0.022855 seconds (0d 0h 0m 0s)

---------------  T H R E A D  ---------------

Current thread (0x00000287dbaf8010):  JavaThread "Unknown thread" [_thread_in_vm, id=6424, stack(0x000000cd4d400000,0x000000cd4d500000)]

Stack: [0x000000cd4d400000,0x000000cd4d500000]
Native frames: (J=compiled Java code, j=interpreted, Vv=VM code, C=native code)
V  [jvm.dll+0x6852da]
V  [jvm.dll+0x844c84]
V  [jvm.dll+0x84659e]
V  [jvm.dll+0x846c03]
V  [jvm.dll+0x24b7cf]
V  [jvm.dll+0x682049]
V  [jvm.dll+0x67671a]
V  [jvm.dll+0x30be2b]
V  [jvm.dll+0x3132d6]
V  [jvm.dll+0x36302e]
V  [jvm.dll+0x36325f]
V  [jvm.dll+0x2e1f48]
V  [jvm.dll+0x2e2eb4]
V  [jvm.dll+0x815c11]
V  [jvm.dll+0x370df1]
V  [jvm.dll+0x7f4fdc]
V  [jvm.dll+0x3f3f1f]
V  [jvm.dll+0x3f5b31]
C  [jli.dll+0x528f]
C  [ucrtbase.dll+0x20e72]
C  [KERNEL32.DLL+0x17bd4]
C  [ntdll.dll+0x6ced1]


---------------  P R O C E S S  ---------------

Threads class SMR info:
_java_thread_list=0x00007ff9e34a0098, length=0, elements={
}

Java Threads: ( => current thread )

Other Threads:
  0x00000287dbb51230 GCTaskThread "GC Thread#0" [stack: 0x000000cd4d500000,0x000000cd4d600000] [id=11216]
  0x00000287dbb61580 ConcurrentGCThread "G1 Main Marker" [stack: 0x000000cd4d600000,0x000000cd4d700000] [id=7188]
  0x00000287dbb62730 ConcurrentGCThread "G1 Conc#0" [stack: 0x000000cd4d700000,0x000000cd4d800000] [id=12560]

[error occurred during error reporting (printing all threads), id 0xc0000005, EXCEPTION_ACCESS_VIOLATION (0xc0000005) at pc=0x00007ff9e2c52ab7]

VM state: not at safepoint (not fully initialized)

VM Mutex/Monitor currently owned by a thread:  ([mutex/lock_event])
[0x00000287dbaf4560] Heap_lock - owner thread: 0x00000287dbaf8010

Heap address: 0x0000000086000000, size: 1952 MB, Compressed Oops mode: 32-bit

CDS archive(s) mapped at: [0x0000000000000000-0x0000000000000000-0x0000000000000000), size 0, SharedBaseAddress: 0x0000000800000000, ArchiveRelocationMode: 1.
Narrow klass base: 0x0000000000000000, Narrow klass shift: 0, Narrow klass range: 0x0

GC Precious Log:
<Empty>

Heap:
 garbage-first heap   total 0K, used 0K [0x0000000086000000, 0x0000000100000000)
  region size 1024K, 0 young (0K), 0 survivors (0K)
 Metaspace       used 0K, committed 0K, reserved 0K
  class space    used 0K, committed 0K, reserved 0K

Heap Regions: E=young(eden), S=young(survivor), O=old, HS=humongous(starts), HC=humongous(continues), CS=collection set, F=free, OA=open archive, CA=closed archive, TAMS=top-at-mark-start (previous, next)

Card table byte_map: [0x00000287ee630000,0x00000287eea00000] _byte_map_base: 0x00000287ee200000

Marking Bits (Prev, Next): (CMBitMap*) 0x00000287dbb51850, (CMBitMap*) 0x00000287dbb51890
 Prev Bits: [0x00000287eedd0000, 0x00000287f0c50000)
 Next Bits: [0x00000287f0c50000, 0x00000287f2ad0000)

GC Heap History (0 events):
No events

Dll operation events (1 events):
Event: 0.010 Loaded shared library C:\Program Files\JetBrains\IntelliJ IDEA 2023.2.1\jbr\bin\java.dll

Deoptimization events (0 events):
No events

Classes unloaded (0 events):
No events

Classes redefined (0 events):
No events

Internal exceptions (0 events):
No events

VM Operations (0 events):
No events

Events (0 events):
No events


Dynamic libraries:
0x00007ff6a8600000 - 0x00007ff6a860a000 	C:\Program Files\JetBrains\IntelliJ IDEA 2023.2.1\jbr\bin\java.exe
0x00007ffa49e80000 - 0x00007ffa4a070000 	C:\WINDOWS\SYSTEM32\ntdll.dll
0x00007ffa48730000 - 0x00007ffa487e2000 	C:\WINDOWS\System32\KERNEL32.DLL
0x00007ffa47870000 - 0x00007ffa47b13000 	C:\WINDOWS\System32\KERNELBASE.dll
0x00007ffa47c70000 - 0x00007ffa47d6a000 	C:\WINDOWS\System32\ucrtbase.dll
0x00007ffa38800000 - 0x00007ffa38817000 	C:\Program Files\JetBrains\IntelliJ IDEA 2023.2.1\jbr\bin\jli.dll
0x00007ffa3db30000 - 0x00007ffa3db4b000 	C:\Program Files\JetBrains\IntelliJ IDEA 2023.2.1\jbr\bin\VCRUNTIME140.dll
0x00007ffa48e50000 - 0x00007ffa48fe4000 	C:\WINDOWS\System32\USER32.dll
0x00007ffa46e10000 - 0x00007ffa46e31000 	C:\WINDOWS\System32\win32u.dll
0x00007ffa35600000 - 0x00007ffa35885000 	C:\WINDOWS\WinSxS\amd64_microsoft.windows.common-controls_6595b64144ccf1df_6.0.18362.418_none_e6c6b287130d565d\COMCTL32.dll
0x00007ffa487f0000 - 0x00007ffa48816000 	C:\WINDOWS\System32\GDI32.dll
0x00007ffa490a0000 - 0x00007ffa4913e000 	C:\WINDOWS\System32\msvcrt.dll
0x00007ffa47d90000 - 0x00007ffa47f24000 	C:\WINDOWS\System32\gdi32full.dll
0x00007ffa47bd0000 - 0x00007ffa47c6e000 	C:\WINDOWS\System32\msvcp_win.dll
0x00007ffa48270000 - 0x00007ffa485a6000 	C:\WINDOWS\System32\combase.dll
0x00007ffa47f30000 - 0x00007ffa48050000 	C:\WINDOWS\System32\RPCRT4.dll
0x00007ffa477f0000 - 0x00007ffa47870000 	C:\WINDOWS\System32\bcryptPrimitives.dll
0x00007ffa48e20000 - 0x00007ffa48e4e000 	C:\WINDOWS\System32\IMM32.DLL
0x00007ffa44680000 - 0x00007ffa4468c000 	C:\Program Files\JetBrains\IntelliJ IDEA 2023.2.1\jbr\bin\vcruntime140_1.dll
0x00007ffa18c30000 - 0x00007ffa18cbd000 	C:\Program Files\JetBrains\IntelliJ IDEA 2023.2.1\jbr\bin\msvcp140.dll
0x00007ff9e2960000 - 0x00007ff9e35e3000 	C:\Program Files\JetBrains\IntelliJ IDEA 2023.2.1\jbr\bin\server\jvm.dll
0x00007ffa48ff0000 - 0x00007ffa49093000 	C:\WINDOWS\System32\ADVAPI32.dll
0x00007ffa485b0000 - 0x00007ffa48647000 	C:\WINDOWS\System32\sechost.dll
0x00007ffa46d60000 - 0x00007ffa46daa000 	C:\WINDOWS\System32\POWRPROF.dll
0x00007ffa46d50000 - 0x00007ffa46d60000 	C:\WINDOWS\System32\UMPDC.dll
0x00007ffa44e80000 - 0x00007ffa44ea4000 	C:\WINDOWS\SYSTEM32\WINMM.dll
0x00007ffa3eee0000 - 0x00007ffa3eeea000 	C:\WINDOWS\SYSTEM32\VERSION.dll
0x00007ffa44e50000 - 0x00007ffa44e7d000 	C:\WINDOWS\SYSTEM32\winmmbase.dll
0x00007ffa47b20000 - 0x00007ffa47b6a000 	C:\WINDOWS\System32\cfgmgr32.dll
0x00007ffa2db70000 - 0x00007ffa2db79000 	C:\WINDOWS\SYSTEM32\WSOCK32.dll
0x00007ffa486c0000 - 0x00007ffa4872f000 	C:\WINDOWS\System32\ws2_32.DLL
0x00007ffa46db0000 - 0x00007ffa46dc1000 	C:\WINDOWS\System32\kernel.appcore.dll
0x00007ffa41000000 - 0x00007ffa4100a000 	C:\Program Files\JetBrains\IntelliJ IDEA 2023.2.1\jbr\bin\jimage.dll
0x00007ffa30100000 - 0x00007ffa302f4000 	C:\WINDOWS\SYSTEM32\DBGHELP.DLL
0x00007ffa30030000 - 0x00007ffa3005a000 	C:\WINDOWS\SYSTEM32\dbgcore.DLL
0x00007ffa3f2a0000 - 0x00007ffa3f2c5000 	C:\Program Files\JetBrains\IntelliJ IDEA 2023.2.1\jbr\bin\java.dll

dbghelp: loaded successfully - version: 4.0.5 - missing functions: none
symbol engine: initialized successfully - sym options: 0x614 - pdb path: .;C:\Program Files\JetBrains\IntelliJ IDEA 2023.2.1\jbr\bin;C:\WINDOWS\SYSTEM32;C:\WINDOWS\WinSxS\amd64_microsoft.windows.common-controls_6595b64144ccf1df_6.0.18362.418_none_e6c6b287130d565d;C:\Program Files\JetBrains\IntelliJ IDEA 2023.2.1\jbr\bin\server

VM Arguments:
java_command: git4idea.http.GitAskPassApp Username for 'https://github.com': 
java_class_path (initial): C:/Program Files/JetBrains/IntelliJ IDEA 2023.2.1/plugins/vcs-git/lib/git4idea-rt.jar;C:/Program Files/JetBrains/IntelliJ IDEA 2023.2.1/lib/externalProcess-rt.jar
Launcher Type: SUN_STANDARD

[Global flags]
     intx CICompilerCount                          = 3                                         {product} {ergonomic}
     uint ConcGCThreads                            = 1                                         {product} {ergonomic}
     uint G1ConcRefinementThreads                  = 4                                         {product} {ergonomic}
   size_t G1HeapRegionSize                         = 1048576                                   {product} {ergonomic}
    uintx GCDrainStackTargetSize                   = 64                                        {product} {ergonomic}
   size_t InitialHeapSize                          = 127926272                                 {product} {ergonomic}
   size_t MarkStackSize                            = 4194304                                   {product} {ergonomic}
   size_t MaxHeapSize                              = 2046820352                                {product} {ergonomic}
   size_t MinHeapDeltaBytes                        = 1048576                                   {product} {ergonomic}
   size_t MinHeapSize                              = 8388608                                   {product} {ergonomic}
    uintx NonNMethodCodeHeapSize                   = 5832780                                {pd product} {ergonomic}
    uintx NonProfiledCodeHeapSize                  = 122912730                              {pd product} {ergonomic}
    uintx ProfiledCodeHeapSize                     = 122912730                              {pd product} {ergonomic}
    uintx ReservedCodeCacheSize                    = 251658240                              {pd product} {ergonomic}
     bool SegmentedCodeCache                       = true                                      {product} {ergonomic}
   size_t SoftMaxHeapSize                          = 2046820352                             {manageable} {ergonomic}
     bool UseCompressedClassPointers               = true                           {product lp64_product} {ergonomic}
     bool UseCompressedOops                        = true                           {product lp64_product} {ergonomic}
     bool UseG1GC                                  = true                                      {product} {ergonomic}
     bool UseLargePagesIndividualAllocation        = false                                  {pd product} {ergonomic}

Logging:
Log output configuration:
 #0: stdout all=warning uptime,level,tags
 #1: stderr all=off uptime,level,tags

Environment Variables:
PATH=C:/Program Files/Git/mingw64/libexec/git-core;C:/Program Files/Git/mingw64/libexec/git-core;C:\Program Files\Git\mingw64\bin;C:\Program Files\Git\usr\bin;C:\Users\opilane\bin;C:\WINDOWS\system32;C:\WINDOWS;C:\WINDOWS\System32\Wbem;C:\WINDOWS\System32\WindowsPowerShell\v1.0\;C:\WINDOWS\System32\OpenSSH\;C:\Program Files (x86)\IDEMIA\AWP\Dlls;C:\Program Files\IDEMIA\AWP\Dlls;C:\Program Files\Git\cmd;C:\Program Files\nodejs\;C:\Users\opilane\AppData\Local\Microsoft\WindowsApps;C:\Users\opilane\AppData\Roaming\npm
USERNAME=opilane
DISPLAY=:0.0
LC_ALL=en_US.UTF-8
TERM=xterm-256color
TMPDIR=C:\Users\opilane\AppData\Local\Temp
OS=Windows_NT
PROCESSOR_IDENTIFIER=Intel64 Family 6 Model 142 Stepping 9, GenuineIntel
TMP=C:\Users\opilane\AppData\Local\Temp
TEMP=C:\Users\opilane\AppData\Local\Temp


JNI global refs:
JNI global refs: 0, weak refs: 0

JNI global refs memory usage: 0, weak refs: 0

OOME stack traces (most recent first):
Classloader memory used:


---------------  S Y S T E M  ---------------

OS:
 Windows 10 , 64 bit Build 18362 (10.0.18362.329)
OS uptime: 6 days 18:03 hours

CPU: total 4 (initial active 4) (2 cores per cpu, 2 threads per core) family 6 model 142 stepping 9 microcode 0xd6, cx8, cmov, fxsr, ht, mmx, 3dnowpref, sse, sse2, sse3, ssse3, sse4.1, sse4.2, popcnt, lzcnt, tsc, tscinvbit, avx, avx2, aes, erms, clmul, bmi1, bmi2, adx, fma, vzeroupper, clflush, clflushopt
Processor Information for all 4 processors :
  Max Mhz: 2712, Current Mhz: 2511, Mhz Limit: 2495

Memory: 4k page, system-wide physical 7800M (452M free)
TotalPageFile size 17800M (AvailPageFile size 36M)
current process WorkingSet (physical memory assigned to process): 10M, peak: 10M
current process commit charge ("private bytes"): 52M, peak: 173M

vm_info: OpenJDK 64-Bit Server VM (17.0.8+7-b1000.8) for windows-amd64 JRE (17.0.8+7-b1000.8), built on 2023-08-04 by "builduser" with MS VC++ 16.10 / 16.11 (VS2019)

END.
